<?xml version="1.0" encoding="UTF-8"?>
<!-- Generated by org.testng.reporters.JUnitReportReporter -->
<testsuite hostname="TMZ-DPC-2209" failures="0" tests="4" name="com.runner.AIRunner1" time="140.767" errors="0" timestamp="2023-07-25T18:09:32 IST" skipped="0">
  <testcase classname="com.runner.AIRunner1" name="runScenario" time="51.907"/>
  <system-out/>
  <testcase classname="com.runner.AIRunner1" name="runScenario" time="32.043"/>
  <system-out/>
  <testcase classname="com.runner.AIRunner1" name="runScenario" time="26.512"/>
  <system-out/>
  <testcase classname="com.runner.AIRunner1" name="runScenario" time="30.305"/>
  <system-out/>
</testsuite> <!-- com.runner.AIRunner1 -->
